<?xml version="1.0" encoding="UTF-8"?>
<testng-results ignored="0" total="1" passed="1" failed="0" skipped="0">
  <reporter-output>
  </reporter-output>
  <suite started-at="2023-10-19T16:32:23 IST" name="Default suite" finished-at="2023-10-19T16:33:26 IST" duration-ms="63469">
    <groups>
    </groups>
    <test started-at="2023-10-19T16:32:23 IST" name="Default test" finished-at="2023-10-19T16:33:26 IST" duration-ms="63469">
      <class name="generalStore.Add2ProductAndVerifyTheTotalRate">
        <test-method is-config="true" signature="configAppium()[pri:0, instance:generalStore.Add2ProductAndVerifyTheTotalRate@1349883]" started-at="2023-10-19T16:32:23 IST" name="configAppium" finished-at="2023-10-19T16:32:48 IST" duration-ms="24734" status="PASS">
          <reporter-output>
          </reporter-output>
        </test-method> <!-- configAppium -->
        <test-method signature="add2ProductAndVerifyTheTotalRate()[pri:0, instance:generalStore.Add2ProductAndVerifyTheTotalRate@1349883]" started-at="2023-10-19T16:32:48 IST" name="add2ProductAndVerifyTheTotalRate" finished-at="2023-10-19T16:33:26 IST" duration-ms="38111" status="PASS">
          <reporter-output>
          </reporter-output>
        </test-method> <!-- add2ProductAndVerifyTheTotalRate -->
        <test-method is-config="true" signature="tearDown()[pri:0, instance:generalStore.Add2ProductAndVerifyTheTotalRate@1349883]" started-at="2023-10-19T16:33:26 IST" name="tearDown" finished-at="2023-10-19T16:33:26 IST" duration-ms="541" status="PASS">
          <reporter-output>
          </reporter-output>
        </test-method> <!-- tearDown -->
      </class> <!-- generalStore.Add2ProductAndVerifyTheTotalRate -->
    </test> <!-- Default test -->
  </suite> <!-- Default suite -->
</testng-results>
